This file contains any messages produced by compilers while
running configure, to aid debugging if configure makes a mistake.

It was created by incedit configure 0.1.0, which was
generated by GNU Autoconf 2.61.  Invocation command line was

  $ ./configure --enable-maintainer-mode

## --------- ##
## Platform. ##
## --------- ##

hostname = shk
uname -m = i686
uname -r = 2.6.26-1-686
uname -s = Linux
uname -v = #1 SMP Fri Mar 13 18:08:45 UTC 2009

/usr/bin/uname -p = unknown
/bin/uname -X     = unknown

/bin/arch              = unknown
/usr/bin/arch -k       = unknown
/usr/convex/getsysinfo = unknown
/usr/bin/hostinfo      = unknown
/bin/machine           = unknown
/usr/bin/oslevel       = unknown
/bin/universe          = unknown

PATH: /usr/local/bin
PATH: /usr/bin
PATH: /bin
PATH: /usr/games


## ----------- ##
## Core tests. ##
## ----------- ##

configure:1708: checking for a BSD-compatible install
configure:1764: result: /usr/bin/install -c
configure:1775: checking whether build environment is sane
configure:1818: result: yes
configure:1846: checking for a thread-safe mkdir -p
configure:1885: result: /bin/mkdir -p
configure:1898: checking for gawk
configure:1928: result: no
configure:1898: checking for mawk
configure:1914: found /usr/bin/mawk
configure:1925: result: mawk
configure:1936: checking whether make sets $(MAKE)
configure:1957: result: yes
configure:2147: checking whether to enable maintainer-specific portions of Makefiles
configure:2156: result: yes
configure:2180: checking for python
configure:2198: found /usr/bin/python
configure:2210: result: /usr/bin/python
configure:2233: checking for python version
configure:2240: result: 2.5
configure:2252: checking for python platform
configure:2259: result: linux2
configure:2266: checking for python script directory
configure:2274: result: ${prefix}/lib/python2.5/site-packages
configure:2283: checking for python extension module directory
configure:2291: result: ${exec_prefix}/lib/python2.5/site-packages
configure:2420: creating ./config.status

## ---------------------- ##
## Running config.status. ##
## ---------------------- ##

This file was extended by incedit config.status 0.1.0, which was
generated by GNU Autoconf 2.61.  Invocation command line was

  CONFIG_FILES    = 
  CONFIG_HEADERS  = 
  CONFIG_LINKS    = 
  CONFIG_COMMANDS = 
  $ ./config.status 

on shk

config.status:618: creating Makefile
config.status:618: creating src/Makefile
config.status:618: creating config.h

## ---------------- ##
## Cache variables. ##
## ---------------- ##

ac_cv_env_build_alias_set=
ac_cv_env_build_alias_value=
ac_cv_env_host_alias_set=
ac_cv_env_host_alias_value=
ac_cv_env_target_alias_set=
ac_cv_env_target_alias_value=
ac_cv_path_PYTHON=/usr/bin/python
ac_cv_path_install='/usr/bin/install -c'
ac_cv_path_mkdir=/bin/mkdir
ac_cv_prog_AWK=mawk
ac_cv_prog_make_make_set=yes
am_cv_python_platform=linux2
am_cv_python_pyexecdir='${exec_prefix}/lib/python2.5/site-packages'
am_cv_python_pythondir='${prefix}/lib/python2.5/site-packages'
am_cv_python_version=2.5

## ----------------- ##
## Output variables. ##
## ----------------- ##

ACLOCAL='${SHELL} /home/shk/incedit/missing --run aclocal-1.10'
AMTAR='${SHELL} /home/shk/incedit/missing --run tar'
AUTOCONF='${SHELL} /home/shk/incedit/missing --run autoconf'
AUTOHEADER='${SHELL} /home/shk/incedit/missing --run autoheader'
AUTOMAKE='${SHELL} /home/shk/incedit/missing --run automake-1.10'
AWK='mawk'
CYGPATH_W='echo'
DEFS='-DHAVE_CONFIG_H'
ECHO_C=''
ECHO_N='-n'
ECHO_T=''
INSTALL_DATA='${INSTALL} -m 644'
INSTALL_PROGRAM='${INSTALL}'
INSTALL_SCRIPT='${INSTALL}'
INSTALL_STRIP_PROGRAM='$(install_sh) -c -s'
LIBOBJS=''
LIBS=''
LTLIBOBJS=''
MAINT=''
MAINTAINER_MODE_FALSE='#'
MAINTAINER_MODE_TRUE=''
MAKEINFO='${SHELL} /home/shk/incedit/missing --run makeinfo'
PACKAGE='incedit'
PACKAGE_BUGREPORT=''
PACKAGE_NAME='incedit'
PACKAGE_STRING='incedit 0.1.0'
PACKAGE_TARNAME='incedit'
PACKAGE_VERSION='0.1.0'
PATH_SEPARATOR=':'
PYTHON='/usr/bin/python'
PYTHON_EXEC_PREFIX='${exec_prefix}'
PYTHON_PLATFORM='linux2'
PYTHON_PREFIX='${prefix}'
PYTHON_VERSION='2.5'
SET_MAKE=''
SHELL='/bin/sh'
STRIP=''
VERSION='0.1.0'
am__isrc=''
am__leading_dot='.'
am__tar='${AMTAR} chof - "$$tardir"'
am__untar='${AMTAR} xf -'
bindir='${exec_prefix}/bin'
build_alias=''
datadir='${datarootdir}'
datarootdir='${prefix}/share'
docdir='${datarootdir}/doc/${PACKAGE_TARNAME}'
dvidir='${docdir}'
exec_prefix='${prefix}'
host_alias=''
htmldir='${docdir}'
includedir='${prefix}/include'
infodir='${datarootdir}/info'
install_sh='$(SHELL) /home/shk/incedit/install-sh'
libdir='${exec_prefix}/lib'
libexecdir='${exec_prefix}/libexec'
localedir='${datarootdir}/locale'
localstatedir='${prefix}/var'
mandir='${datarootdir}/man'
mkdir_p='/bin/mkdir -p'
oldincludedir='/usr/include'
pdfdir='${docdir}'
pkgpyexecdir='${pyexecdir}/incedit'
pkgpythondir='${pythondir}/incedit'
prefix='/usr/local'
program_transform_name='s,x,x,'
psdir='${docdir}'
pyexecdir='${exec_prefix}/lib/python2.5/site-packages'
pythondir='${prefix}/lib/python2.5/site-packages'
sbindir='${exec_prefix}/sbin'
sharedstatedir='${prefix}/com'
sysconfdir='${prefix}/etc'
target_alias=''

## ----------- ##
## confdefs.h. ##
## ----------- ##

#define PACKAGE_NAME "incedit"
#define PACKAGE_TARNAME "incedit"
#define PACKAGE_VERSION "0.1.0"
#define PACKAGE_STRING "incedit 0.1.0"
#define PACKAGE_BUGREPORT ""
#define PACKAGE "incedit"
#define VERSION "0.1.0"

configure: exit 0

## ---------------------- ##
## Running config.status. ##
## ---------------------- ##

This file was extended by incedit config.status 0.1.0, which was
generated by GNU Autoconf 2.61.  Invocation command line was

  CONFIG_FILES    = 
  CONFIG_HEADERS  = 
  CONFIG_LINKS    = 
  CONFIG_COMMANDS = 
  $ ./config.status src/Makefile

on shk

config.status:618: creating src/Makefile
